---------------------------------------------------------------
[ 2019-07-11T18:27:15+08:00 ] 192.168.168.131 GET 192.168.168.131/Admin/api/checkExpiredOrder
[运行时间：0.073748s] [吞吐率：13.56req/s] [内存消耗：2,772.16kb] [文件加载：45]
[ info ] [ LANG ] D:\workspace\work\thinkphp\lang\zh-cn.php
[ info ] [ ROUTE ] array (
  'type' => 'module',
  'module' => 
  array (
    0 => 'Admin',
    1 => 'api',
    2 => 'checkExpiredOrder',
  ),
)
[ info ] [ HEADER ] array (
  'cookie' => 'PHPSESSID=o045tkdq5ckbdm2d0lvgdai396',
  'accept-language' => 'zh-CN,zh;q=0.9',
  'accept-encoding' => 'gzip, deflate',
  'accept' => 'text/html,application/xhtml+xml,application/xml;q=0.9,image/webp,image/apng,*/*;q=0.8,application/signed-exchange;v=b3',
  'user-agent' => 'Mozilla/5.0 (Windows NT 10.0; Win64; x64) AppleWebKit/537.36 (KHTML, like Gecko) Chrome/75.0.3770.100 Safari/537.36',
  'upgrade-insecure-requests' => '1',
  'cache-control' => 'max-age=0',
  'connection' => 'close',
  'host' => '192.168.168.131',
)
[ info ] [ PARAM ] array (
)
[ info ] [ BEHAVIOR ] Run app\common\behavior\ReadHtmlCacheBehavior @module_init [ RunTime:0.000229s ]
[ info ] [ RUN ] app\admin\controller\Api->checkExpiredOrder[ D:\workspace\work\application\admin\controller\Api.php ]
[ info ] [ DB ] INIT mysql
[ info ] [ DB ] INIT mysql
[ info ] [ DB ] INIT mysql
[ info ] [ CACHE ] INIT File
[ info ] [ LOG ] INIT File
[ sql ] [ DB ] CONNECT:[ UseTime:0.013263s ] mysql:host=192.168.168.146;port=3306;dbname=cms;charset=utf8
[ sql ] [ SQL ] SHOW COLUMNS FROM `cms_order` [ RunTime:0.004150s ]
[ sql ] [ SQL ] SELECT `id`,`package_id`,`paynum`,`receive_cashed_id`,`group_buy_order_id` FROM `cms_order` WHERE  `state` = 12  AND `lock_stock_at` <= 1562839035  AND `stock_locked` = 1 [ RunTime:0.003106s ]
[ sql ] [ DB ] CONNECT:[ UseTime:0.011298s ] mysql:host=192.168.168.146;port=3306;dbname=cms;charset=utf8
[ sql ] [ SQL ] SHOW COLUMNS FROM `cms_package` [ RunTime:0.003354s ]
[ sql ] [ SQL ] SELECT * FROM `cms_package` WHERE  `package_id` = 138 LIMIT 1 [ RunTime:0.002448s ]
[ sql ] [ DB ] CONNECT:[ UseTime:0.010928s ] mysql:host=192.168.168.146;port=3306;dbname=cms;charset=utf8
[ sql ] [ SQL ] UPDATE `cms_package`  SET `version`=3,`sold`=sold -1  WHERE  `package_id` = 138  AND `version` = 2  AND `sold` >= 1 [ RunTime:0.001753s ]
---------------------------------------------------------------
[ 2019-07-11T18:28:00+08:00 ] 192.168.168.131 GET 192.168.168.131/Admin/api/checkExpiredOrder
[运行时间：0.077249s] [吞吐率：12.95req/s] [内存消耗：2,772.14kb] [文件加载：45]
[ info ] [ LANG ] D:\workspace\work\thinkphp\lang\zh-cn.php
[ info ] [ ROUTE ] array (
  'type' => 'module',
  'module' => 
  array (
    0 => 'Admin',
    1 => 'api',
    2 => 'checkExpiredOrder',
  ),
)
[ info ] [ HEADER ] array (
  'cookie' => 'PHPSESSID=o045tkdq5ckbdm2d0lvgdai396',
  'accept-language' => 'zh-CN,zh;q=0.9',
  'accept-encoding' => 'gzip, deflate',
  'accept' => 'text/html,application/xhtml+xml,application/xml;q=0.9,image/webp,image/apng,*/*;q=0.8,application/signed-exchange;v=b3',
  'user-agent' => 'Mozilla/5.0 (Windows NT 10.0; Win64; x64) AppleWebKit/537.36 (KHTML, like Gecko) Chrome/75.0.3770.100 Safari/537.36',
  'upgrade-insecure-requests' => '1',
  'cache-control' => 'max-age=0',
  'connection' => 'close',
  'host' => '192.168.168.131',
)
[ info ] [ PARAM ] array (
)
[ info ] [ BEHAVIOR ] Run app\common\behavior\ReadHtmlCacheBehavior @module_init [ RunTime:0.000229s ]
[ info ] [ RUN ] app\admin\controller\Api->checkExpiredOrder[ D:\workspace\work\application\admin\controller\Api.php ]
[ info ] [ DB ] INIT mysql
[ info ] [ DB ] INIT mysql
[ info ] [ DB ] INIT mysql
[ info ] [ CACHE ] INIT File
[ info ] [ LOG ] INIT File
[ sql ] [ DB ] CONNECT:[ UseTime:0.002503s ] mysql:host=192.168.168.146;port=3306;dbname=cms;charset=utf8
[ sql ] [ SQL ] SHOW COLUMNS FROM `cms_order` [ RunTime:0.004065s ]
[ sql ] [ SQL ] SELECT `id`,`package_id`,`paynum`,`receive_cashed_id`,`group_buy_order_id` FROM `cms_order` WHERE  `state` = 12  AND `lock_stock_at` <= 1562839080  AND `stock_locked` = 1 [ RunTime:0.003442s ]
[ sql ] [ DB ] CONNECT:[ UseTime:0.011948s ] mysql:host=192.168.168.146;port=3306;dbname=cms;charset=utf8
[ sql ] [ SQL ] SHOW COLUMNS FROM `cms_package` [ RunTime:0.003175s ]
[ sql ] [ SQL ] SELECT * FROM `cms_package` WHERE  `package_id` = 138 LIMIT 1 [ RunTime:0.002463s ]
[ sql ] [ DB ] CONNECT:[ UseTime:0.012837s ] mysql:host=192.168.168.146;port=3306;dbname=cms;charset=utf8
[ sql ] [ SQL ] UPDATE `cms_package`  SET `version`=3,`sold`=sold -1  WHERE  `package_id` = 138  AND `version` = 2  AND `sold` >= 1 [ RunTime:0.001437s ]
